<?xml version="1.0" encoding="UTF-8"?>
<testng-results ignored="0" total="6" passed="5" failed="1" skipped="0">
  <reporter-output>
  </reporter-output>
  <suite started-at="2023-12-26T08:35:11 IST" name="Suite" finished-at="2023-12-26T08:35:50 IST" duration-ms="38720">
    <groups>
      <group name="Smoke">
        <method signature="ManageExpenseTest.ExpenseCategory()[pri:0, instance:com.obsqura.test.ManageExpenseTest@40a4337a]" name="ExpenseCategory" class="com.obsqura.test.ManageExpenseTest"/>
      </group> <!-- Smoke -->
    </groups>
    <test started-at="2023-12-26T08:35:11 IST" name="LoginTest" finished-at="2023-12-26T08:35:27 IST" duration-ms="15689">
      <class name="com.obsqura.test.LoginTest">
        <test-method is-config="true" signature="initDriver(java.lang.String)[pri:0, instance:com.obsqura.test.LoginTest@747ddf94]" started-at="2023-12-26T08:35:11 IST" name="initDriver" finished-at="2023-12-26T08:35:23 IST" duration-ms="11371" status="PASS">
          <params>
            <param index="0">
              <value is-null="true"/>
            </param>
          </params>
          <reporter-output>
          </reporter-output>
        </test-method> <!-- initDriver -->
        <test-method signature="verifyLogin()[pri:0, instance:com.obsqura.test.LoginTest@747ddf94]" started-at="2023-12-26T08:35:23 IST" name="verifyLogin" finished-at="2023-12-26T08:35:27 IST" duration-ms="4202" status="PASS">
          <reporter-output>
          </reporter-output>
        </test-method> <!-- verifyLogin -->
        <test-method is-config="true" signature="tearDown()[pri:0, instance:com.obsqura.test.LoginTest@747ddf94]" started-at="2023-12-26T08:35:27 IST" name="tearDown" finished-at="2023-12-26T08:35:27 IST" duration-ms="2" status="PASS">
          <reporter-output>
          </reporter-output>
        </test-method> <!-- tearDown -->
      </class> <!-- com.obsqura.test.LoginTest -->
    </test> <!-- LoginTest -->
    <test started-at="2023-12-26T08:35:11 IST" name="ManageExpenseTest" finished-at="2023-12-26T08:35:32 IST" duration-ms="20517">
      <class name="com.obsqura.test.ManageExpenseTest">
        <test-method is-config="true" signature="initDriver(java.lang.String)[pri:0, instance:com.obsqura.test.ManageExpenseTest@40a4337a]" started-at="2023-12-26T08:35:11 IST" name="initDriver" finished-at="2023-12-26T08:35:19 IST" duration-ms="7870" status="PASS">
          <params>
            <param index="0">
              <value is-null="true"/>
            </param>
          </params>
          <reporter-output>
          </reporter-output>
        </test-method> <!-- initDriver -->
        <test-method signature="ExpenseCategory()[pri:0, instance:com.obsqura.test.ManageExpenseTest@40a4337a]" started-at="2023-12-26T08:35:19 IST" name="ExpenseCategory" finished-at="2023-12-26T08:35:32 IST" duration-ms="12532" status="FAIL">
          <exception class="java.lang.AssertionError">
            <message>
              <![CDATA[null]]>
            </message>
            <full-stacktrace>
              <![CDATA[java.lang.AssertionError: null
at org.testng.Assert.fail(Assert.java:111)
at org.testng.Assert.fail(Assert.java:116)
at com.obsqura.test.ManageExpenseTest.ExpenseCategory(ManageExpenseTest.java:16)
at java.base/jdk.internal.reflect.NativeMethodAccessorImpl.invoke0(Native Method)
at java.base/jdk.internal.reflect.NativeMethodAccessorImpl.invoke(NativeMethodAccessorImpl.java:77)
at java.base/jdk.internal.reflect.DelegatingMethodAccessorImpl.invoke(DelegatingMethodAccessorImpl.java:43)
at java.base/java.lang.reflect.Method.invoke(Method.java:568)
at org.testng.internal.invokers.MethodInvocationHelper.invokeMethod(MethodInvocationHelper.java:139)
at org.testng.internal.invokers.TestInvoker.invokeMethod(TestInvoker.java:664)
at org.testng.internal.invokers.TestInvoker.invokeTestMethod(TestInvoker.java:227)
at org.testng.internal.invokers.MethodRunner.runInSequence(MethodRunner.java:50)
at org.testng.internal.invokers.TestInvoker$MethodInvocationAgent.invoke(TestInvoker.java:957)
at org.testng.internal.invokers.TestInvoker.invokeTestMethods(TestInvoker.java:200)
at org.testng.internal.invokers.TestMethodWorker.invokeTestMethods(TestMethodWorker.java:148)
at org.testng.internal.invokers.TestMethodWorker.run(TestMethodWorker.java:128)
at java.base/java.util.ArrayList.forEach(ArrayList.java:1511)
at org.testng.TestRunner.privateRun(TestRunner.java:848)
at org.testng.TestRunner.run(TestRunner.java:621)
at org.testng.SuiteRunner.runTest(SuiteRunner.java:443)
at org.testng.SuiteRunner$SuiteWorker.run(SuiteRunner.java:481)
at org.testng.internal.thread.ThreadUtil.lambda$execute$0(ThreadUtil.java:58)
at java.base/java.util.concurrent.FutureTask.run(FutureTask.java:264)
at java.base/java.util.concurrent.ThreadPoolExecutor.runWorker(ThreadPoolExecutor.java:1136)
at java.base/java.util.concurrent.ThreadPoolExecutor$Worker.run(ThreadPoolExecutor.java:635)
at java.base/java.lang.Thread.run(Thread.java:833)
]]>
            </full-stacktrace>
          </exception> <!-- java.lang.AssertionError -->
          <reporter-output>
          </reporter-output>
        </test-method> <!-- ExpenseCategory -->
        <test-method is-config="true" signature="tearDown()[pri:0, instance:com.obsqura.test.ManageExpenseTest@40a4337a]" started-at="2023-12-26T08:35:32 IST" name="tearDown" finished-at="2023-12-26T08:35:32 IST" duration-ms="1" status="PASS">
          <reporter-output>
          </reporter-output>
        </test-method> <!-- tearDown -->
      </class> <!-- com.obsqura.test.ManageExpenseTest -->
    </test> <!-- ManageExpenseTest -->
    <test started-at="2023-12-26T08:35:11 IST" name="CreateDeliveryBoyTest" finished-at="2023-12-26T08:35:40 IST" duration-ms="28939">
      <class name="com.obsqura.test.CreateDeliveryBoy">
        <test-method is-config="true" signature="initDriver(java.lang.String)[pri:0, instance:com.obsqura.test.CreateDeliveryBoy@4c402120]" started-at="2023-12-26T08:35:11 IST" name="initDriver" finished-at="2023-12-26T08:35:25 IST" duration-ms="13286" status="PASS">
          <params>
            <param index="0">
              <value is-null="true"/>
            </param>
          </params>
          <reporter-output>
          </reporter-output>
        </test-method> <!-- initDriver -->
        <test-method signature="createDeliveryBoy()[pri:0, instance:com.obsqura.test.CreateDeliveryBoy@4c402120]" started-at="2023-12-26T08:35:25 IST" name="createDeliveryBoy" finished-at="2023-12-26T08:35:40 IST" duration-ms="15564" status="PASS">
          <reporter-output>
          </reporter-output>
        </test-method> <!-- createDeliveryBoy -->
        <test-method is-config="true" signature="tearDown()[pri:0, instance:com.obsqura.test.CreateDeliveryBoy@4c402120]" started-at="2023-12-26T08:35:40 IST" name="tearDown" finished-at="2023-12-26T08:35:40 IST" duration-ms="1" status="PASS">
          <reporter-output>
          </reporter-output>
        </test-method> <!-- tearDown -->
      </class> <!-- com.obsqura.test.CreateDeliveryBoy -->
    </test> <!-- CreateDeliveryBoyTest -->
    <test started-at="2023-12-26T08:35:27 IST" name="ManageCategoryTest" finished-at="2023-12-26T08:35:41 IST" duration-ms="13613">
      <class name="com.obsqura.test.ManageCategoryTest">
        <test-method is-config="true" signature="initDriver(java.lang.String)[pri:0, instance:com.obsqura.test.ManageCategoryTest@3eb738bb]" started-at="2023-12-26T08:35:27 IST" name="initDriver" finished-at="2023-12-26T08:35:36 IST" duration-ms="8937" status="PASS">
          <params>
            <param index="0">
              <value is-null="true"/>
            </param>
          </params>
          <reporter-output>
          </reporter-output>
        </test-method> <!-- initDriver -->
        <test-method signature="Category()[pri:0, instance:com.obsqura.test.ManageCategoryTest@3eb738bb]" started-at="2023-12-26T08:35:36 IST" name="Category" finished-at="2023-12-26T08:35:41 IST" duration-ms="4663" status="PASS">
          <reporter-output>
          </reporter-output>
        </test-method> <!-- Category -->
        <test-method is-config="true" signature="tearDown()[pri:0, instance:com.obsqura.test.ManageCategoryTest@3eb738bb]" started-at="2023-12-26T08:35:41 IST" name="tearDown" finished-at="2023-12-26T08:35:41 IST" duration-ms="1" status="PASS">
          <reporter-output>
          </reporter-output>
        </test-method> <!-- tearDown -->
      </class> <!-- com.obsqura.test.ManageCategoryTest -->
    </test> <!-- ManageCategoryTest -->
    <test started-at="2023-12-26T08:35:11 IST" name="DataProvidersTest" finished-at="2023-12-26T08:35:50 IST" duration-ms="38720">
      <class name="com.obsqura.test.CreateDeliveryBoyUsingDataProviders">
        <test-method is-config="true" signature="initDriver(java.lang.String)[pri:0, instance:com.obsqura.test.CreateDeliveryBoyUsingDataProviders@6743e411]" started-at="2023-12-26T08:35:12 IST" name="initDriver" finished-at="2023-12-26T08:35:24 IST" duration-ms="12061" status="PASS">
          <params>
            <param index="0">
              <value is-null="true"/>
            </param>
          </params>
          <reporter-output>
          </reporter-output>
        </test-method> <!-- initDriver -->
        <test-method signature="createDeliverytBoyDataProviders(java.lang.String,java.lang.String,java.lang.String)[pri:0, instance:com.obsqura.test.CreateDeliveryBoyUsingDataProviders@6743e411]" started-at="2023-12-26T08:35:24 IST" name="createDeliverytBoyDataProviders" data-provider="GetData" finished-at="2023-12-26T08:35:37 IST" duration-ms="13206" status="PASS">
          <params>
            <param index="0">
              <value>
                <![CDATA[client26/12/2023 08:35:12]]>
              </value>
            </param>
            <param index="1">
              <value>
                <![CDATA[Jasna1321]]>
              </value>
            </param>
            <param index="2">
              <value>
                <![CDATA[2836]]>
              </value>
            </param>
          </params>
          <reporter-output>
          </reporter-output>
        </test-method> <!-- createDeliverytBoyDataProviders -->
        <test-method is-config="true" signature="tearDown()[pri:0, instance:com.obsqura.test.CreateDeliveryBoyUsingDataProviders@6743e411]" started-at="2023-12-26T08:35:37 IST" name="tearDown" finished-at="2023-12-26T08:35:37 IST" duration-ms="1" status="PASS">
          <reporter-output>
          </reporter-output>
        </test-method> <!-- tearDown -->
        <test-method is-config="true" signature="initDriver(java.lang.String)[pri:0, instance:com.obsqura.test.CreateDeliveryBoyUsingDataProviders@6743e411]" started-at="2023-12-26T08:35:37 IST" name="initDriver" finished-at="2023-12-26T08:35:43 IST" duration-ms="6514" status="PASS">
          <params>
            <param index="0">
              <value is-null="true"/>
            </param>
          </params>
          <reporter-output>
          </reporter-output>
        </test-method> <!-- initDriver -->
        <test-method signature="createDeliverytBoyDataProviders(java.lang.String,java.lang.String,java.lang.String)[pri:0, instance:com.obsqura.test.CreateDeliveryBoyUsingDataProviders@6743e411]" started-at="2023-12-26T08:35:43 IST" name="createDeliverytBoyDataProviders" data-provider="GetData" finished-at="2023-12-26T08:35:50 IST" duration-ms="6791" status="PASS">
          <params>
            <param index="0">
              <value>
                <![CDATA[client26/12/2023 08:35:12]]>
              </value>
            </param>
            <param index="1">
              <value>
                <![CDATA[Jasna5135]]>
              </value>
            </param>
            <param index="2">
              <value>
                <![CDATA[702]]>
              </value>
            </param>
          </params>
          <reporter-output>
          </reporter-output>
        </test-method> <!-- createDeliverytBoyDataProviders -->
        <test-method is-config="true" signature="tearDown()[pri:0, instance:com.obsqura.test.CreateDeliveryBoyUsingDataProviders@6743e411]" started-at="2023-12-26T08:35:50 IST" name="tearDown" finished-at="2023-12-26T08:35:50 IST" duration-ms="1" status="PASS">
          <reporter-output>
          </reporter-output>
        </test-method> <!-- tearDown -->
      </class> <!-- com.obsqura.test.CreateDeliveryBoyUsingDataProviders -->
    </test> <!-- DataProvidersTest -->
  </suite> <!-- Suite -->
</testng-results>
